[0mGET /api/v1/job/ [32m200[0m 30.268 ms - 997[0m
[0mGET /api/v1/jobs/ [33m404[0m 2.408 ms - 29[0m
[0mGET /api/v1/job/ [32m200[0m 50.314 ms - 997[0m
[0mGET / [33m404[0m 6.664 ms - 29[0m
[0mPOST /api/v1/auth/login [33m400[0m 3.417 ms - 81[0m
[0mPOST /api/v1/auth/login [33m400[0m 1.714 ms - 81[0m
[0mPOST /api/v1/auth/login [33m400[0m 0.771 ms - 81[0m
[0mPOST /api/v1/auth/login [33m400[0m 0.687 ms - 81[0m
[0mPOST /api/v1/auth/login [33m400[0m 2.675 ms - 81[0m
[0mPOST /api/v1/auth/login [33m400[0m 6.092 ms - 81[0m
[0mPOST /api/v1/auth/login [33m400[0m 9.962 ms - 81[0m
[0mPOST /api/v1/auth/login [33m400[0m 2.447 ms - 81[0m
[0mPOST /api/v1/auth/login [33m400[0m 6.710 ms - 81[0m
[0mPOST /api/v1/auth/login [33m400[0m 2.060 ms - 81[0m
[0mPOST /api/v1/auth/login [33m400[0m 2.402 ms - 81[0m
[0mPOST /api/v1/auth/login [33m400[0m 2.235 ms - 81[0m
[0mPOST /api/v1/auth/login [33m401[0m 54.845 ms - 75[0m
[0mPOST /api/v1/auth/login [32m200[0m 31.796 ms - 769[0m
[0mPOST /api/v1/auth/login [33m401[0m 52.143 ms - 75[0m
[0mPOST /api/v1/auth/login [32m200[0m 29.216 ms - 769[0m
[0mPOST /api/v1/auth/login [33m401[0m 40.136 ms - 75[0m
[0mPOST /api/v1/auth/login [32m200[0m 24.945 ms - 769[0m
[0mPOST /api/v1/auth/login [33m401[0m 29.024 ms - 75[0m
[0mPOST /api/v1/auth/login [33m401[0m 26.782 ms - 75[0m
[0mPOST /api/v1/auth/login [33m401[0m 23.631 ms - 75[0m
[0mPOST /api/v1/auth/login [33m401[0m 3.638 ms - 75[0m
[0mPOST /api/v1/auth/login [33m401[0m 26.570 ms - 75[0m
[0mPOST /api/v1/auth/login [33m401[0m 42.494 ms - 75[0m
[0mPOST /api/v1/auth/signup [33m404[0m 5.417 ms - 29[0m
[0mPOST /api/v1/auth/register [33m404[0m 0.943 ms - 29[0m
[0mPOST /api/v1/auth/register [33m404[0m 0.392 ms - 29[0m
[0mPOST /api/v1/auth/register [33m404[0m 3.311 ms - 29[0m
[0mPOST /api/v1/auth/register [33m404[0m 3.695 ms - 29[0m
[0mPOST /api/v1/auth/register [33m404[0m 1.335 ms - 29[0m
[0mPOST /api/v1/user/register [33m409[0m 13.611 ms - 80[0m
[0mPOST /api/v1/user/register [33m409[0m 14.407 ms - 80[0m
[0mPOST /api/v1/user/register [33m409[0m 8.568 ms - 80[0m
[0mPOST /api/v1/user/register [32m201[0m 50.538 ms - 306[0m
[0mPOST /api/v1/user/register [32m201[0m 51.867 ms - 306[0m
[0mPOST /api/v1/user/register [32m201[0m 32.916 ms - 306[0m
[0mPOST /api/v1/user/register [32m201[0m 47.689 ms - 305[0m
[0mPOST /api/v1/user/register [33m409[0m 13.145 ms - 80[0m
[0mPOST /api/v1/user/register [33m409[0m 29.797 ms - 80[0m
[0mPOST /api/v1/user/register [32m201[0m 63.058 ms - 296[0m
[0mPOST /api/v1/auth/login [33m400[0m 3.813 ms - 90[0m
[0mPOST /api/v1/auth/login [33m400[0m 2.497 ms - 90[0m
[0mPOST /api/v1/auth/login [33m400[0m 0.625 ms - 90[0m
[0mPOST /api/v1/auth/login [33m400[0m 0.794 ms - 90[0m
[0mPOST /api/v1/auth/login [33m400[0m 0.582 ms - 90[0m
[0mPOST /api/v1/auth/login [33m400[0m 1.050 ms - 90[0m
[0mPOST /api/v1/auth/login [33m400[0m 5.332 ms - 90[0m
[0mPOST /api/v1/auth/login [32m200[0m 68.774 ms - 478[0m
[0mPOST /api/v1/auth/login [32m200[0m 46.479 ms - 478[0m
[0mPOST /api/v1/user/register [32m201[0m 88.476 ms - 329[0m
[0mPOST /api/v1/user/register [32m201[0m 61.738 ms - 421[0m
[0mPOST /api/v1/user/register [32m201[0m 58.517 ms - 482[0m
[0mPOST /api/v1/user/register [32m201[0m 55.474 ms - 482[0m
[0mGET /api/v1/user/verify-email/5ff341545131215a557e49c32c71711054b561c3923e7803d24e9397a5c60e19 [33m400[0m 18.070 ms - 85[0m
[0mGET /api/v1/user/verify-email/efa535c033da33472bdec73eab826c6838581411ff05c75773d3312f5b0eb2d6 [33m400[0m 26.877 ms - 85[0m
[0mGET /api/v1/user/verify-email/5ff341545131215a557e49c32c71711054b561c3923e7803d24e9397a5c60e19 [33m400[0m 6.709 ms - 85[0m
[0mGET /api/v1/user/verify-email/c5296c897b1e3d7df4bd05b5f91fd66d79fcec9a3825b0beae6701daf584e1de [32m200[0m 22.381 ms - 60[0m
[0mPOST /api/v1/user/register [32m201[0m 58.136 ms - 482[0m
[0mPOST /api/v1/auth/login [31m500[0m 47.081 ms - 84[0m
[0mPOST /api/v1/auth/login [31m500[0m 68.044 ms - 85[0m
[0mPOST /api/v1/auth/login [31m500[0m 44.051 ms - 99[0m
[0mPOST /api/v1/auth/login [32m200[0m 36.876 ms - 90[0m
[0mPOST /api/v1/auth/login [33m401[0m 84.531 ms - 97[0m
[0mGET /api/v1/user/verify-email/5b1fd9ddddf4292a2c770386aaa178d290ebc48bd8c14b9825b8f25e3fa2ab16 [32m200[0m 35.730 ms - 60[0m
[0mGET /api/v1/user/verify-email/5b1fd9ddddf4292a2c770386aaa178d290ebc48bd8c14b9825b8f25e3fa2ab16 [33m400[0m 25.214 ms - 85[0m
[0mPOST /api/v1/user/register [32m201[0m 33.654 ms - 482[0m
[0mPOST /api/v1/auth/login [33m401[0m 25.399 ms - 97[0m
[0mGET /api/v1/user/verify-email/710accd2fd1d893cfd9f0cab2a12a4ed9941ab50876b839aafdedf96dc5c7de5 [32m200[0m 12.523 ms - 70[0m
[0mPOST /api/v1/user/register [32m201[0m 37.488 ms - 482[0m
[0mGET /api/v1/user/verify-email/cf857313b551380a3a30aa19412984d32e14d7120b692b4391fc2457542fc082 [32m200[0m 33.106 ms - 332[0m
[0mGET /api/v1/job/6453ed49a7ef10e0667595ad [32m200[0m 15.987 ms - 342[0m
[0mGET /api/v1/job/6453ed49a7ef10e0667595ad [32m200[0m 6.622 ms - 342[0m
[0mGET /api/v1/job/6453ed49a7ef10e0667595ad [32m200[0m 19.211 ms - 342[0m
[0mGET /api/v1/job/6453ed49a7ef10e0667595ad [32m200[0m 25.390 ms - 342[0m
[0mGET /api/v1/job/6453ed49a7ef10e0667595ad [32m200[0m 6.537 ms - 342[0m
[0mGET /api/v1/job/6453ed49a7ef10e0667595ad [32m200[0m 5.260 ms - 342[0m
[0mGET /api/v1/job/6453ed49a7ef10e0667595ad [32m200[0m 7.193 ms - 342[0m
[0mGET /api/v1/job/6453ed49a7ef10e0667595ad [32m200[0m 5.931 ms - 342[0m
[0mGET /api/v1/job/6453ed49a7ef10e0667595ad [32m200[0m 5.159 ms - 342[0m
[0mGET /api/v1/job/6453ed49a7ef10e0667595ad [32m200[0m 6.869 ms - 342[0m
[0mGET /api/v1/job/6453ed49a7ef10e0667595ad [32m200[0m 7.038 ms - 342[0m
[0mGET /api/v1/job/6453ed49a7ef10e0667595ad [32m200[0m 4.857 ms - 342[0m
[0mGET /api/v1/job/6453ed49a7ef10e0667595ad [32m200[0m 6.400 ms - 342[0m
[0mGET /api/v1/job/6453ed49a7ef10e0667595ad [32m200[0m 4.629 ms - 342[0m
[0mGET /api/v1/job/6453ed49a7ef10e0667595ad [32m200[0m 6.474 ms - 342[0m
[0mGET /api/v1/job/6453ed49a7ef10e0667595ad [32m200[0m 23.745 ms - 342[0m
[0mGET /api/v1/job/6453ed49a7ef10e0667595ad [32m200[0m 3.480 ms - 342[0m
[0mGET /api/v1/job/6453ed49a7ef10e0667595ad [32m200[0m 7.577 ms - 342[0m
[0mGET /api/v1/job/6453ed49a7ef10e0667595ad [32m200[0m 9.589 ms - 342[0m
[0mGET /api/v1/job/6453ed49a7ef10e0667595ad [32m200[0m 8.600 ms - 342[0m
[0mGET /api/v1/job/6453ed49a7ef10e0667595ad [32m200[0m 4.984 ms - 342[0m
[0mGET /api/v1/job/6453ed3ca7ef10e0667595a9 [32m200[0m 34.193 ms - 333[0m
[0mGET /api/v1/jobs?page=1&limit=10 [33m404[0m 3.323 ms - 29[0m
[0mGET /api/v1/jobs?page=1&limit=10 [33m404[0m 0.960 ms - 29[0m
[0mGET /api/v1/jobs?page=1&limit=10 [33m404[0m 0.476 ms - 29[0m
[0mGET /api/v1/jobs?page=1&limit=10 [33m404[0m 3.332 ms - 29[0m
[0mGET /api/v1/jobs?page=1&limit=10 [33m404[0m 0.561 ms - 29[0m
[0mGET /api/v1/job?page=1&limit=10 [32m200[0m 86.491 ms - 1022[0m
[0mGET /api/v1/job?page=1&limit=10 [36m304[0m 10.861 ms - -[0m
[0mGET /api/v1/job?page=1&limit=10 [36m304[0m 47.341 ms - -[0m
[0mGET /api/v1/job?page=1&limit=10 [36m304[0m 11.964 ms - -[0m
[0mGET /api/v1/job/6453ed3ca7ef10e0667595a9 [32m200[0m 22.048 ms - 333[0m
[0mGET /api/v1/job/6453ed3ca7ef10e0667595a9 [32m200[0m 25.724 ms - 333[0m
[0mGET /api/v1/job?page=1&limit=10 [36m304[0m 62.142 ms - -[0m
[0mGET /api/v1/job?page=1&limit=10 [36m304[0m 5.682 ms - -[0m
[0mGET /api/v1/job?page=1&limit=10 [36m304[0m 27.172 ms - -[0m
[0mGET /api/v1/job?page=1&limit=10 [36m304[0m 24.609 ms - -[0m
[0mGET /api/v1/job?page=1&limit=10 [36m304[0m 5.891 ms - -[0m
[0mGET /api/v1/job?page=1&limit=10 [36m304[0m 4.394 ms - -[0m
[0mGET /api/v1/job?page=1&limit=10 [36m304[0m 25.545 ms - -[0m
[0mGET /api/v1/job?page=1&limit=10 [36m304[0m 6.252 ms - -[0m
[0mGET /api/v1/job?page=1&limit=10 [36m304[0m 17.870 ms - -[0m
[0mGET /api/v1/job?page=1&limit=10 [36m304[0m 39.326 ms - -[0m
[0mGET /api/v1/job?page=1&limit=10 [36m304[0m 33.524 ms - -[0m
[0mGET /api/v1/job?page=1&limit=10 [36m304[0m 22.673 ms - -[0m
[0mGET /api/v1/job?page=1&limit=10 [36m304[0m 65.301 ms - -[0m
[0mGET /api/v1/job?page=1&limit=10 [36m304[0m 22.131 ms - -[0m
[0mGET /api/v1/job?page=1&limit=10 [36m304[0m 39.289 ms - -[0m
[0mGET /api/v1/job?page=1&limit=10 [36m304[0m 13.190 ms - -[0m
[0mGET /api/v1/job/undefined [31m500[0m 2.019 ms - 143[0m
[0mGET /api/v1/job/undefined [31m500[0m 0.460 ms - 143[0m
[0mGET /api/v1/job?page=1&limit=10 [36m304[0m 14.525 ms - -[0m
[0mGET /api/v1/job?page=1&limit=10 [36m304[0m 12.421 ms - -[0m
[0mGET /api/v1/job/6453ed3ca7ef10e0667595a9 [32m200[0m 6.684 ms - 333[0m
[0mGET /api/v1/job?page=1&limit=10 [36m304[0m 19.951 ms - -[0m
[0mGET /api/v1/job?page=1&limit=10 [36m304[0m 8.086 ms - -[0m
[0mGET /api/v1/job/6453ed49a7ef10e0667595ad [32m200[0m 4.155 ms - 342[0m
[0mGET /api/v1/job?page=1&limit=10 [36m304[0m 7.018 ms - -[0m
[0mGET /api/v1/job?page=1&limit=10 [36m304[0m 5.558 ms - -[0m
[0mGET /api/v1/job/6453ee5aa7ef10e0667595cb [32m200[0m 2.983 ms - 342[0m
[0mGET /api/v1/job?page=1&limit=10 [36m304[0m 5.841 ms - -[0m
[0mGET /api/v1/job?page=1&limit=10 [36m304[0m 5.961 ms - -[0m
[0mGET /api/v1/job/6453ed3ca7ef10e0667595a9 [32m200[0m 3.025 ms - 333[0m
[0mGET /api/v1/job?page=1&limit=10 [36m304[0m 9.923 ms - -[0m
[0mGET /api/v1/job?page=1&limit=10 [36m304[0m 5.131 ms - -[0m
[0mGET /api/v1/job/6453ed49a7ef10e0667595ad [32m200[0m 2.993 ms - 342[0m
[0mGET /api/v1/job?page=1&limit=10 [36m304[0m 5.496 ms - -[0m
[0mGET /api/v1/job?page=1&limit=10 [36m304[0m 5.670 ms - -[0m
[0mGET /api/v1/job/6453ee5aa7ef10e0667595cb [32m200[0m 3.119 ms - 342[0m
[0mGET /api/v1/job?page=1&limit=10 [36m304[0m 8.097 ms - -[0m
[0mGET /api/v1/job?page=1&limit=10 [36m304[0m 5.171 ms - -[0m
[0mGET /api/v1/job?page=1&limit=10 [36m304[0m 41.066 ms - -[0m
[0mGET /api/v1/job?page=1&limit=10 [36m304[0m 5.307 ms - -[0m
[0mGET /api/v1/job?page=1&limit=10 [36m304[0m 9.452 ms - -[0m
[0mGET /api/v1/job?page=1&limit=10 [36m304[0m 2.890 ms - -[0m
[0mGET /api/v1/job?page=1&limit=10 [36m304[0m 4.790 ms - -[0m
[0mGET /api/v1/job?page=1&limit=10 [36m304[0m 4.732 ms - -[0m
[0mGET /api/v1/job?page=1&limit=10 [36m304[0m 16.937 ms - -[0m
[0mGET /api/v1/job?page=1&limit=10 [36m304[0m 7.061 ms - -[0m
[0mGET /api/v1/job?page=1&limit=10 [36m304[0m 5.480 ms - -[0m
[0mGET /api/v1/job?page=1&limit=10 [36m304[0m 2.325 ms - -[0m
[0mGET /api/v1/job?page=1&limit=10 [36m304[0m 17.820 ms - -[0m
[0mGET /api/v1/job?page=1&limit=10 [36m304[0m 74.717 ms - -[0m
[0mGET /api/v1/job?page=1&limit=10 [36m304[0m 5.055 ms - -[0m
[0mPOST /api/v1/job/search [33m404[0m 4.063 ms - 29[0m
[0mPOST /api/v1/job/search [33m404[0m 4.322 ms - 29[0m
[0mPOST /api/v1/job/search [33m404[0m 4.193 ms - 29[0m
[0mPOST /api/v1/job/search [33m404[0m 4.757 ms - 29[0m
[0mGET /api/v1/job?page=1&limit=10 [36m304[0m 52.544 ms - -[0m
[0mGET /api/v1/job?page=1&limit=10 [36m304[0m 6.331 ms - -[0m
[0mPOST /api/v1/job/search [33m404[0m 2.371 ms - 29[0m
[0mPOST /api/v1/job/search [33m404[0m 1.924 ms - 29[0m
[0mPOST /api/v1/auth/login [32m200[0m 71.971 ms - 474[0m
[0mPOST /api/v1/auth/login [32m200[0m 32.605 ms - 474[0m
[0mPOST /api/v1/auth/login [32m200[0m 30.829 ms - 474[0m
[0mPOST /api/v1/auth/login [32m200[0m 26.646 ms - 474[0m
[0mPOST /api/v1/auth/login [32m200[0m 28.150 ms - 474[0m
[0mPOST /api/v1/auth/login [32m200[0m 27.410 ms - 474[0m
[0mPOST /api/v1/auth/login [32m200[0m 29.407 ms - 474[0m
[0mPOST /api/v1/auth/login [32m200[0m 27.207 ms - 474[0m
[0mPOST /api/v1/auth/login [32m200[0m 27.693 ms - 474[0m
[0mPOST /api/v1/auth/login [32m200[0m 25.688 ms - 474[0m
[0mPOST /api/v1/auth/login [32m200[0m 22.458 ms - 474[0m
[0mPOST /api/v1/auth/login [32m200[0m 77.928 ms - 474[0m
[0mPOST /api/v1/auth/login [32m200[0m 25.685 ms - 474[0m
[0mPOST /api/v1/auth/login [32m200[0m 26.106 ms - 474[0m
[0mPOST /api/v1/auth/login [32m200[0m 28.510 ms - 474[0m
[0mPOST /api/v1/auth/login [32m200[0m 28.421 ms - 474[0m
[0mPOST /api/v1/auth/login [32m200[0m 33.080 ms - 474[0m
[0mPOST /api/v1/auth/login [32m200[0m 25.475 ms - 474[0m
[0mPOST /api/v1/auth/login [32m200[0m 24.535 ms - 474[0m
[0mPOST /api/v1/auth/login [32m200[0m 24.300 ms - 474[0m
[0mPOST /api/v1/auth/login [32m200[0m 29.941 ms - 474[0m
[0mPOST /api/v1/auth/login [32m200[0m 37.364 ms - 474[0m
[0mPOST /api/v1/auth/login [32m200[0m 24.947 ms - 474[0m
[0mPOST /api/v1/auth/login [32m200[0m 21.523 ms - 474[0m
[0mPOST /api/v1/auth/login [32m200[0m 49.288 ms - 474[0m
[0mPOST /api/v1/auth/login [32m200[0m 25.800 ms - 474[0m
[0mPOST /api/v1/auth/login [32m200[0m 32.229 ms - 474[0m
[0mPOST /api/v1/auth/login [32m200[0m 29.819 ms - 474[0m
[0mPOST /api/v1/auth/login [32m200[0m 30.731 ms - 474[0m
[0mPOST /api/v1/auth/login [32m200[0m 28.162 ms - 474[0m
[0mPOST /api/v1/auth/login [32m200[0m 25.927 ms - 474[0m
[0mPOST /api/v1/auth/login [32m200[0m 26.374 ms - 474[0m
[0mPOST /api/v1/auth/login [32m200[0m 36.454 ms - 474[0m
[0mPOST /api/v1/auth/login [32m200[0m 24.205 ms - 474[0m
[0mPOST /api/v1/auth/login [32m200[0m 23.034 ms - 474[0m
[0mPOST /api/v1/auth/login [32m200[0m 22.280 ms - 474[0m
[0mPOST /api/v1/auth/login [32m200[0m 26.516 ms - 474[0m
[0mPOST /api/v1/auth/login [32m200[0m 27.435 ms - 474[0m
[0mPOST /api/v1/auth/login [32m200[0m 28.176 ms - 474[0m
[0mPOST /api/v1/auth/login [32m200[0m 54.160 ms - 474[0m
[0mPOST /api/v1/auth/login [32m200[0m 33.599 ms - 474[0m
[0mPOST /api/v1/auth/login [32m200[0m 20.498 ms - 474[0m
[0mPOST /api/v1/auth/login [32m200[0m 53.725 ms - 474[0m
[0mPOST /api/v1/auth/login [32m200[0m 31.097 ms - 474[0m
[0mPOST /api/v1/auth/login [32m200[0m 52.369 ms - 474[0m
[0mPOST /api/v1/auth/login [32m200[0m 21.973 ms - 474[0m
[0mPOST /api/v1/auth/login [32m200[0m 43.368 ms - 474[0m
[0mPOST /api/v1/auth/login [31m500[0m 19.870 ms - 166[0m
[0mPOST /api/v1/auth/login [32m200[0m 48.453 ms - 474[0m
[0mPOST /api/v1/auth/login [32m200[0m 63.252 ms - 474[0m
[0mPOST /api/v1/user/register [33m409[0m 26.269 ms - 80[0m
[0mPOST /api/v1/user/register [32m201[0m 115.383 ms - 56[0m
[0mPOST /api/v1/auth/login [33m401[0m 59.554 ms - 97[0m
[0mPOST /api/v1/auth/login [33m401[0m 54.047 ms - 97[0m
[0mPOST /api/v1/auth/login [33m401[0m 29.615 ms - 97[0m
[0mPOST /api/v1/auth/login [33m401[0m 28.213 ms - 84[0m
[0mPOST /api/v1/auth/login [33m401[0m 27.794 ms - 97[0m
[0mPOST /api/v1/auth/login [33m401[0m 76.240 ms - 97[0m
[0mPOST /api/v1/auth/login [31m500[0m 59.344 ms - 106[0m
[0mPOST /api/v1/auth/login [31m500[0m 50.187 ms - 106[0m
[0mPOST /api/v1/auth/login [31m500[0m 35.228 ms - 94[0m
[0mPOST /api/v1/auth/login [31m500[0m 36.089 ms - 94[0m
[0mPOST /api/v1/auth/login [31m500[0m 32.787 ms - 94[0m
[0mPOST /api/v1/auth/login [31m500[0m 32.665 ms - 94[0m
[0mPOST /api/v1/auth/login [31m500[0m 48.776 ms - 94[0m
[0mPOST /api/v1/auth/login [31m500[0m 50.458 ms - 94[0m
[0mPOST /api/v1/auth/login [31m500[0m 32.785 ms - 103[0m
[0mPOST /api/v1/auth/login [33m401[0m 75.154 ms - 97[0m
[0mGET /api/v1/user/verify-email/30c52c0d074b5b8d9aea03dac31373f87f40d55747f08de9b6107272f2dc8077 [32m200[0m 15.264 ms - 332[0m
[0mPOST /api/v1/auth/login [32m200[0m 45.885 ms - 640[0m
[0mPOST /api/v1/auth/login [32m200[0m 34.855 ms - 474[0m
[0mPOST /api/v1/auth/login [32m200[0m 33.357 ms - 474[0m
[0mPOST /api/v1/auth/login [32m200[0m 32.644 ms - 431[0m
[0mPOST /api/v1/auth/login [32m200[0m 33.478 ms - 431[0m
[0mPOST /api/v1/auth/login [32m200[0m 29.281 ms - 431[0m
[0mPOST /api/v1/auth/login [32m200[0m 26.916 ms - 431[0m
[0mPOST /api/v1/auth/login [32m200[0m 29.352 ms - 431[0m
