[0mPATCH /api/v1/user/me [33m404[0m 1.912 ms - 29[0m
[0mPATCH /api/v1/user/me [33m404[0m 1.624 ms - 29[0m
[0mPATCH /api/v1/user/me [33m404[0m 4.245 ms - 29[0m
[0mPATCH /api/v1/user/me [33m404[0m 0.785 ms - 29[0m
[0mPATCH /api/v1/user/me [33m404[0m 3.538 ms - 29[0m
[0mPUT /api/v1/user/me [31m500[0m 6.230 ms - 65[0m
[0mPUT /api/v1/user/me [31m500[0m 5.847 ms - 65[0m
[0mPUT /api/v1/user/me [31m500[0m 4.965 ms - 65[0m
[0mPUT /api/v1/user/me [31m500[0m 1.900 ms - 65[0m
[0mPUT /api/v1/user/me [31m500[0m 2.262 ms - 65[0m
[0mPUT /api/v1/user/me [31m500[0m 1.567 ms - 65[0m
[0mPUT /api/v1/user/me [31m500[0m 7.071 ms - 65[0m
[0mPUT /api/v1/user/me [31m500[0m 5.321 ms - 65[0m
[0mPUT /api/v1/user/me [31m500[0m 4.124 ms - 65[0m
[0mPOST /api/v1/auth/login [32m200[0m 70.574 ms - 431[0m
[0mPOST /api/v1/auth/login [32m200[0m 60.032 ms - 431[0m
[0mPOST /api/v1/auth/login [32m200[0m 47.139 ms - 431[0m
[0mPOST /api/v1/auth/login [32m200[0m 71.465 ms - 431[0m
[0mPOST /api/v1/auth/login [32m200[0m 48.339 ms - 431[0m
[0mPOST /api/v1/auth/login [32m200[0m 106.170 ms - 431[0m
[0mPOST /api/v1/user/register [33m409[0m 21.289 ms - 80[0m
[0mPOST /api/v1/auth/login [32m200[0m 45.081 ms - 431[0m
[0mPOST /api/v1/auth/login [32m200[0m 40.508 ms - 431[0m
[0mPOST /api/v1/auth/login [32m200[0m 104.170 ms - 431[0m
[0mPATCH /api/v1/user/me [33m404[0m 3.694 ms - 29[0m
[0mPOST /api/v1/auth/login [32m200[0m 60.229 ms - 431[0m
[0mPOST /api/v1/auth/login [32m200[0m 49.418 ms - 431[0m
[0mPATCH /api/v1/user/me [33m404[0m 1.265 ms - 29[0m
[0mPATCH /api/v1/user/me [33m404[0m 1.328 ms - 29[0m
[0mPATCH /api/v1/user/me [31m500[0m 9.639 ms - 65[0m
[0mPATCH /api/v1/user/me [31m500[0m 2.050 ms - 65[0m
[0mPUT /api/v1/user/me [33m404[0m 1.445 ms - 29[0m
[0mPUT /api/v1/user/me [31m500[0m 5.847 ms - 65[0m
[0mPUT /api/v1/user/me [31m500[0m 7.590 ms - 65[0m
[0mPUT /api/v1/user/me [31m500[0m 1.016 ms - 65[0m
[0mPUT /api/v1/user/me [31m500[0m 5.971 ms - 65[0m
[0mPUT /api/v1/user/me [33m401[0m 0.950 ms - 99[0m
[0mPUT /api/v1/user/me [31m500[0m 2.820 ms - 65[0m
[0mPUT /api/v1/user/me [31m500[0m 3.562 ms - 65[0m
[0mPOST /api/v1/auth/login [32m200[0m 66.482 ms - 431[0m
[0mPUT /api/v1/user/me [31m500[0m 9.840 ms - 65[0m
[0mPUT /api/v1/user/me [31m500[0m 9.945 ms - 65[0m
[0mPUT /api/v1/user/me [31m500[0m 10.104 ms - 65[0m
[0mPUT /api/v1/user/me [31m500[0m 12.041 ms - 65[0m
[0mPUT /api/v1/user/me [31m500[0m 9.752 ms - 65[0m
[0mPOST /api/v1/auth/login [32m200[0m 57.337 ms - 431[0m
[0mPUT /api/v1/user/me [31m500[0m 23.730 ms - 154[0m
[0mPUT /api/v1/user/me [31m500[0m 12.217 ms - 154[0m
[0mPUT /api/v1/user/me [31m500[0m 32.471 ms - 154[0m
[0mPUT /api/v1/user/me [31m500[0m 37.281 ms - 154[0m
[0mPUT /api/v1/user/me [31m500[0m 18.307 ms - 154[0m
[0mPUT /api/v1/user/me [31m500[0m 17.163 ms - 154[0m
[0mPUT /api/v1/user/me [31m500[0m 42.007 ms - 154[0m
[0mPUT /api/v1/user/me [31m500[0m 28.196 ms - 154[0m
[0mPUT /api/v1/user/me [31m500[0m 10.642 ms - 154[0m
[0mPOST /api/v1/auth/login [32m200[0m 46.477 ms - 431[0m
[0mPUT /api/v1/user/me [32m200[0m 33.943 ms - 289[0m
[0mPUT /api/v1/user/me [32m200[0m 29.270 ms - 289[0m
[0mPUT /api/v1/user/me [32m200[0m 20.222 ms - 289[0m
[0mPUT /api/v1/user/me [32m200[0m 31.551 ms - 289[0m
[0mPUT /api/v1/user/me [32m200[0m 14.125 ms - 289[0m
[0mPOST /api/v1/auth/login [32m200[0m 54.210 ms - 431[0m
[0mPOST /api/v1/auth/login [32m200[0m 42.492 ms - 431[0m
[0mPUT /api/v1/user/me [32m200[0m 20.609 ms - 289[0m
[0mPUT /api/v1/user/me [32m200[0m 20.588 ms - 289[0m
[0mPUT /api/v1/user/me [32m200[0m 16.483 ms - 289[0m
[0mPUT /api/v1/user/me [32m200[0m 49.199 ms - 289[0m
[0mPUT /api/v1/user/me [32m200[0m 31.145 ms - 289[0m
[0mPUT /api/v1/user/me [32m200[0m 37.419 ms - 289[0m
[0mPUT /api/v1/user/me [32m200[0m 30.438 ms - 289[0m
[0mPUT /api/v1/user/me [32m200[0m 37.831 ms - 289[0m
[0mPUT /api/v1/user/me [32m200[0m 67.265 ms - 289[0m
[0mPUT /api/v1/user/me [32m200[0m 53.245 ms - 289[0m
[0mPUT /api/v1/user/me [32m200[0m 21.776 ms - 289[0m
[0mPUT /api/v1/user/me [32m200[0m 41.112 ms - 289[0m
[0mPUT /api/v1/user/me [32m200[0m 24.031 ms - 289[0m
[0mPOST /api/v1/auth/login [32m200[0m 50.294 ms - 431[0m
[0mPUT /api/v1/user/me [32m200[0m 16.977 ms - 289[0m
[0mPOST /api/v1/auth/login [32m200[0m 39.597 ms - 431[0m
[0mPUT /api/v1/user/me [32m200[0m 64.281 ms - 289[0m
[0mPOST /api/v1/auth/login [32m200[0m 47.364 ms - 579[0m
[0mPUT /api/v1/user/me [32m200[0m 21.371 ms - 289[0m
[0mPUT /api/v1/user/me [32m200[0m 18.930 ms - 289[0m
[0mPUT /api/v1/user/me [31m500[0m 58.156 ms - 67[0m
[0mPOST /api/v1/auth/login [32m200[0m 59.858 ms - 579[0m
[0mPUT /api/v1/user/me [31m500[0m 17.772 ms - 67[0m
[0mPUT /api/v1/user/me [31m500[0m 45.922 ms - 99[0m
[0mPUT /api/v1/user/me [31m500[0m 39.129 ms - 99[0m
[0mPUT /api/v1/user/me [31m500[0m 47.969 ms - 99[0m
[0mPUT /api/v1/user/me [32m200[0m 59.193 ms - 397[0m
[0mPUT /api/v1/user/me [32m200[0m 26.096 ms - 397[0m
[0mPUT /api/v1/user/me [32m200[0m 14.259 ms - 397[0m
[0mPOST /api/v1/user/register [31m500[0m 78.778 ms - 154[0m
[0mPOST /api/v1/user/register [33m409[0m 19.691 ms - 71[0m
[0mPOST /api/v1/user/register [33m409[0m 6.178 ms - 71[0m
[0mPOST /api/v1/user/register [33m409[0m 19.786 ms - 71[0m
[0mPOST /api/v1/user/register [31m500[0m 62.776 ms - 189[0m
[0mPOST /api/v1/user/register [31m500[0m 69.632 ms - 189[0m
[0mPOST /api/v1/user/register [31m500[0m 47.355 ms - 189[0m
[0mPOST /api/v1/user/register [0m-[0m - ms - -[0m
[0mPOST /api/v1/user/register [33m409[0m 8.177 ms - 71[0m
[0mPOST /api/v1/user/register [33m409[0m 32.855 ms - 71[0m
[0mPOST /api/v1/user/register [33m409[0m 7.152 ms - 71[0m
[0mPOST /api/v1/user/register [33m409[0m 19.458 ms - 71[0m
[0mPOST /api/v1/user/register [33m409[0m 18.828 ms - 80[0m
[0mPOST /api/v1/user/register [31m500[0m 76478.101 ms - 158[0m
[0mPOST /api/v1/user/register [33m409[0m 14.656 ms - 80[0m
[0mPOST /api/v1/user/register [31m500[0m 115059.773 ms - 158[0m
[0mPOST /api/v1/user/register [31m500[0m 57796.817 ms - 158[0m
[0mPOST /api/v1/auth/login [32m200[0m 52.121 ms - 699[0m
[0mPUT /api/v1/user/me [32m200[0m 38.154 ms - 548[0m
[0mPOST /api/v1/auth/login [0m-[0m - ms - -[0m
[0mPOST /api/v1/auth/login [0m-[0m - ms - -[0m
[0mPOST /api/v1/auth/login [0m-[0m - ms - -[0m
[0mPUT /api/v1/user/me [32m200[0m 39.994 ms - 548[0m
[0mPOST /api/v1/auth/login [32m200[0m 53.282 ms - 730[0m
[0mPUT /api/v1/user/me [32m200[0m 29.760 ms - 548[0m
[0mPOST /api/v1/auth/login [32m200[0m 37.885 ms - 730[0m
[0mPOST /api/v1/auth/login [32m200[0m 47.139 ms - 730[0m
[0mPUT /api/v1/user/me [32m200[0m 18.905 ms - 548[0m
[0mPUT /api/v1/user/me [32m200[0m 25.373 ms - 548[0m
[0mPUT /api/v1/user/me [32m200[0m 21.674 ms - 548[0m
[0mPUT /api/v1/user/me [32m200[0m 18.600 ms - 548[0m
[0mPUT /api/v1/user/me [32m200[0m 25.317 ms - 554[0m
