[0mPOST /api/v1/employer/jobs [33m400[0m 7.860 ms - 48[0m
[0mPOST /api/v1/employer/jobs [33m400[0m 15.123 ms - 48[0m
[0mPOST /api/v1/employer/jobs [33m400[0m 20.956 ms - 48[0m
[0mPOST /api/v1/employer/jobs [33m400[0m 29.941 ms - 48[0m
[0mPOST /api/v1/employer/jobs [33m400[0m 12.917 ms - 48[0m
[0mPOST /api/v1/employer/jobs [33m400[0m 10.362 ms - 48[0m
[0mPOST /api/v1/employer/jobs [33m400[0m 9.183 ms - 48[0m
[0mPOST /api/v1/employer/jobs [33m400[0m 6.894 ms - 48[0m
[0mPOST /api/v1/employer/jobs [33m400[0m 36.017 ms - 48[0m
[0mPOST /api/v1/employer/jobs [33m400[0m 12.818 ms - 48[0m
[0mPOST /api/v1/auth/login [32m200[0m 66.765 ms - 574[0m
[0mGET /api/v1/employer/jobs [31m500[0m 1.287 ms - 49[0m
[0mGET /api/v1/employer/jobs [31m500[0m 0.315 ms - 49[0m
[0mGET /api/v1/employer/jobs [31m500[0m 1.267 ms - 49[0m
[0mGET /api/v1/employer/jobs [31m500[0m 1.008 ms - 49[0m
[0mGET /api/v1/employer/jobs [31m500[0m 0.804 ms - 49[0m
[0mGET /api/v1/employer/jobs [31m500[0m 0.709 ms - 49[0m
[0mGET /api/v1/employer/jobs [31m500[0m 1.233 ms - 49[0m
[0mGET /api/v1/employer/jobs [31m500[0m 0.460 ms - 49[0m
[0mGET /api/v1/employer/jobs [31m500[0m 0.385 ms - 49[0m
[0mGET /api/v1/employer/jobs [31m500[0m 3.793 ms - 49[0m
[0mGET /api/v1/employer/jobs [31m500[0m 0.891 ms - 49[0m
[0mGET /api/v1/employer/jobs [31m500[0m 1.721 ms - 49[0m
[0mGET /api/v1/employer/jobs?userId=645c9f3e25df7eef3a463ce0 [32m200[0m 12.623 ms - 1490[0m
[0mGET /api/v1/employer/jobs?userId=645c9f3e25df7eef3a463ce0 [36m304[0m 27.302 ms - -[0m
[0mGET /api/v1/employer/jobs?userId=645c9f3e25df7eef3a463ce0 [36m304[0m 9.832 ms - -[0m
[0mGET /api/v1/employer/jobs?userId=645c9f3e25df7eef3a463ce0 [36m304[0m 48.222 ms - -[0m
[0mGET /api/v1/employer/jobs?userId=645c9f3e25df7eef3a463ce0 [36m304[0m 8.158 ms - -[0m
[0mGET /api/v1/employer/jobs?userId=645c9f3e25df7eef3a463ce0 [36m304[0m 32.871 ms - -[0m
[0mGET /api/v1/employer/jobs?userId=645c9f3e25df7eef3a463ce0 [36m304[0m 7.778 ms - -[0m
[0mGET /api/v1/employer/jobs?userId=645c9f3e25df7eef3a463ce0 [36m304[0m 42.251 ms - -[0m
[0mGET /api/v1/employer/jobs?userId=645c9f3e25df7eef3a463ce0 [36m304[0m 8.230 ms - -[0m
[0mGET /api/v1/employer/jobs?userId=645c9f3e25df7eef3a463ce0 [36m304[0m 34.334 ms - -[0m
[0mGET /api/v1/employer/jobs?userId=645c9f3e25df7eef3a463ce0 [36m304[0m 6.494 ms - -[0m
[0mGET /api/v1/employer/jobs?userId=645c9f3e25df7eef3a463ce0 [36m304[0m 37.154 ms - -[0m
[0mGET /api/v1/employer/jobs?userId=645c9f3e25df7eef3a463ce0 [36m304[0m 6.339 ms - -[0m
[0mGET /api/v1/employer/jobs?userId=645c9f3e25df7eef3a463ce0 [36m304[0m 21.378 ms - -[0m
[0mGET /api/v1/employer/jobs?userId=645c9f3e25df7eef3a463ce0 [36m304[0m 5.192 ms - -[0m
[0mGET /api/v1/employer/jobs?userId=645c9f3e25df7eef3a463ce0 [36m304[0m 12.686 ms - -[0m
[0mGET /api/v1/employer/jobs?userId=645c9f3e25df7eef3a463ce0 [36m304[0m 5.834 ms - -[0m
[0mGET /api/v1/employer/jobs?userId=645c9f3e25df7eef3a463ce0 [36m304[0m 29.069 ms - -[0m
[0mGET /api/v1/employer/jobs?userId=645c9f3e25df7eef3a463ce0 [36m304[0m 7.933 ms - -[0m
[0mGET /api/v1/employer/jobs?userId=645c9f3e25df7eef3a463ce0 [36m304[0m 42.705 ms - -[0m
[0mGET /api/v1/employer/jobs?userId=645c9f3e25df7eef3a463ce0 [36m304[0m 25.567 ms - -[0m
[0mGET /api/v1/employer/jobs?userId=645c9f3e25df7eef3a463ce0 [36m304[0m 19.914 ms - -[0m
[0mGET /api/v1/employer/jobs?userId=645c9f3e25df7eef3a463ce0 [36m304[0m 9.868 ms - -[0m
[0mGET /api/v1/employer/jobs?userId=645c9f3e25df7eef3a463ce0 [36m304[0m 28.648 ms - -[0m
[0mGET /api/v1/employer/jobs?userId=645c9f3e25df7eef3a463ce0 [36m304[0m 8.078 ms - -[0m
[0mGET /api/v1/employer/jobs?userId=645c9f3e25df7eef3a463ce0 [36m304[0m 2.798 ms - -[0m
[0mGET /api/v1/employer/jobs?userId=645c9f3e25df7eef3a463ce0 [36m304[0m 27.953 ms - -[0m
[0mGET /api/v1/employer/jobs?userId=645c9f3e25df7eef3a463ce0 [36m304[0m 4.918 ms - -[0m
[0mGET /api/v1/employer/jobs?userId=645c9f3e25df7eef3a463ce0 [36m304[0m 12.069 ms - -[0m
[0mGET /api/v1/employer/jobs?userId=645c9f3e25df7eef3a463ce0 [36m304[0m 5.379 ms - -[0m
[0mGET /api/v1/employer/jobs?userId=645c9f3e25df7eef3a463ce0 [36m304[0m 2.295 ms - -[0m
[0mGET /api/v1/employer/jobs?userId=645c9f3e25df7eef3a463ce0 [36m304[0m 5.352 ms - -[0m
[0mGET /api/v1/employer/jobs?userId=645c9f3e25df7eef3a463ce0 [36m304[0m 10.757 ms - -[0m
[0mGET /api/v1/employer/jobs?userId=645c9f3e25df7eef3a463ce0 [36m304[0m 3.258 ms - -[0m
[0mGET /api/v1/employer/jobs?userId=645c9f3e25df7eef3a463ce0 [36m304[0m 3.223 ms - -[0m
[0mGET /api/v1/employer/jobs?userId=645c9f3e25df7eef3a463ce0 [36m304[0m 2.300 ms - -[0m
[0mGET /api/v1/employer/jobs?userId=645c9f3e25df7eef3a463ce0 [36m304[0m 2.592 ms - -[0m
[0mGET /api/v1/employer/jobs?userId=645c9f3e25df7eef3a463ce0 [36m304[0m 3.648 ms - -[0m
[0mGET /api/v1/employer/jobs?userId=645c9f3e25df7eef3a463ce0 [36m304[0m 4.911 ms - -[0m
[0mGET /api/v1/employer/jobs?userId=645c9f3e25df7eef3a463ce0 [36m304[0m 3.436 ms - -[0m
[0mGET /api/v1/employer/jobs?userId=645c9f3e25df7eef3a463ce0 [36m304[0m 15.796 ms - -[0m
[0mGET /api/v1/employer/jobs?userId=645c9f3e25df7eef3a463ce0 [36m304[0m 5.514 ms - -[0m
[0mGET /api/v1/employer/jobs?userId=645c9f3e25df7eef3a463ce0 [36m304[0m 4.657 ms - -[0m
[0mGET /api/v1/employer/jobs?userId=645c9f3e25df7eef3a463ce0 [36m304[0m 5.363 ms - -[0m
[0mGET /api/v1/employer/jobs?userId=645c9f3e25df7eef3a463ce0 [36m304[0m 3.582 ms - -[0m
[0mGET /api/v1/employer/jobs?userId=645c9f3e25df7eef3a463ce0 [36m304[0m 2.541 ms - -[0m
[0mGET /api/v1/employer/jobs?userId=645c9f3e25df7eef3a463ce0 [36m304[0m 14.922 ms - -[0m
[0mGET /api/v1/employer/jobs?userId=645c9f3e25df7eef3a463ce0 [36m304[0m 2.632 ms - -[0m
[0mGET /api/v1/employer/jobs?userId=645c9f3e25df7eef3a463ce0 [36m304[0m 2.736 ms - -[0m
[0mGET /api/v1/employer/jobs?userId=645c9f3e25df7eef3a463ce0 [36m304[0m 2.935 ms - -[0m
[0mGET /api/v1/employer/jobs?userId=645c9f3e25df7eef3a463ce0 [36m304[0m 4.082 ms - -[0m
[0mGET /api/v1/employer/jobs?userId=645c9f3e25df7eef3a463ce0 [36m304[0m 4.191 ms - -[0m
[0mGET /api/v1/employer/jobs?userId=645c9f3e25df7eef3a463ce0 [36m304[0m 3.137 ms - -[0m
[0mGET /api/v1/employer/jobs?userId=645c9f3e25df7eef3a463ce0 [36m304[0m 18.690 ms - -[0m
[0mGET /api/v1/employer/jobs?userId=645c9f3e25df7eef3a463ce0 [36m304[0m 10.311 ms - -[0m
[0mGET /api/v1/employer/jobs?userId=645c9f3e25df7eef3a463ce0 [36m304[0m 5.963 ms - -[0m
[0mGET /api/v1/employer/jobs?userId=645c9f3e25df7eef3a463ce0 [36m304[0m 16.838 ms - -[0m
[0mGET /api/v1/employer/jobs?userId=645c9f3e25df7eef3a463ce0 [36m304[0m 4.180 ms - -[0m
[0mPOST /api/v1/auth/login [32m200[0m 47.556 ms - 574[0m
[0mGET /api/v1/employer/jobs?userId=645c9f3e25df7eef3a463ce0 [36m304[0m 21.467 ms - -[0m
[0mGET /api/v1/employer/jobs?userId=645c9f3e25df7eef3a463ce0 [36m304[0m 6.012 ms - -[0m
[0mGET /api/v1/employer/jobs?userId=645c9f3e25df7eef3a463ce0 [36m304[0m 4.559 ms - -[0m
[0mGET /api/v1/employer/jobs?userId=645c9f3e25df7eef3a463ce0 [36m304[0m 26.221 ms - -[0m
[0mPUT /api/v1/employer/jobs/6462076076e8356307f8e0b0 [32m200[0m 28.044 ms - 1481[0m
[0mPUT /api/v1/employer/jobs/6462076076e8356307f8e0b0 [32m200[0m 16.692 ms - 1475[0m
[0mGET /api/v1/employer/jobs?userId=645c9f3e25df7eef3a463ce0 [36m304[0m 22.912 ms - -[0m
[0mGET /api/v1/employer/jobs?userId=645c9f3e25df7eef3a463ce0 [36m304[0m 4.195 ms - -[0m
[0mGET /api/v1/employer/jobs?userId=645c9f3e25df7eef3a463ce0 [36m304[0m 4.930 ms - -[0m
[0mGET /api/v1/employer/jobs?userId=645c9f3e25df7eef3a463ce0 [36m304[0m 2.518 ms - -[0m
[0mGET /api/v1/employer/jobs?userId=645c9f3e25df7eef3a463ce0 [36m304[0m 45.445 ms - -[0m
[0mGET /api/v1/employer/jobs?userId=645c9f3e25df7eef3a463ce0 [36m304[0m 3.999 ms - -[0m
[0mGET /api/v1/employer/jobs?userId=645c9f3e25df7eef3a463ce0 [36m304[0m 28.395 ms - -[0m
[0mGET /api/v1/employer/jobs?userId=645c9f3e25df7eef3a463ce0 [36m304[0m 4.362 ms - -[0m
[0mGET /api/v1/employer/jobs?userId=645c9f3e25df7eef3a463ce0 [36m304[0m 30.405 ms - -[0m
[0mGET /api/v1/employer/jobs?userId=645c9f3e25df7eef3a463ce0 [36m304[0m 20.854 ms - -[0m
[0mGET /api/v1/employer/jobs?userId=645c9f3e25df7eef3a463ce0 [36m304[0m 5.758 ms - -[0m
[0mGET /api/v1/employer/jobs?userId=645c9f3e25df7eef3a463ce0 [36m304[0m 20.014 ms - -[0m
[0mGET /api/v1/employer/jobs?userId=645c9f3e25df7eef3a463ce0 [36m304[0m 3.049 ms - -[0m
[0mGET /api/v1/employer/jobs?userId=645c9f3e25df7eef3a463ce0 [36m304[0m 24.190 ms - -[0m
[0mGET /api/v1/employer/jobs?userId=645c9f3e25df7eef3a463ce0 [36m304[0m 30.635 ms - -[0m
[0mGET /api/v1/employer/jobs?userId=645c9f3e25df7eef3a463ce0 [36m304[0m 18.384 ms - -[0m
[0mGET /api/v1/employer/jobs?userId=645c9f3e25df7eef3a463ce0 [36m304[0m 4.252 ms - -[0m
[0mGET /api/v1/employer/jobs?userId=645c9f3e25df7eef3a463ce0 [36m304[0m 5.380 ms - -[0m
[0mGET /api/v1/employer/jobs?userId=645c9f3e25df7eef3a463ce0 [36m304[0m 18.831 ms - -[0m
[0mGET /api/v1/employer/jobs?userId=645c9f3e25df7eef3a463ce0 [36m304[0m 15.671 ms - -[0m
[0mGET /api/v1/employer/jobs?userId=645c9f3e25df7eef3a463ce0 [36m304[0m 15.383 ms - -[0m
[0mGET /api/v1/employer/jobs?userId=645c9f3e25df7eef3a463ce0 [36m304[0m 6.601 ms - -[0m
[0mGET /api/v1/employer/jobs?userId=645c9f3e25df7eef3a463ce0 [36m304[0m 18.386 ms - -[0m
[0mGET /api/v1/employer/jobs?userId=645c9f3e25df7eef3a463ce0 [36m304[0m 5.695 ms - -[0m
[0mGET /api/v1/employer/jobs?userId=645c9f3e25df7eef3a463ce0 [36m304[0m 5.911 ms - -[0m
[0mGET /api/v1/employer/jobs?userId=645c9f3e25df7eef3a463ce0 [36m304[0m 4.600 ms - -[0m
[0mGET /api/v1/employer/jobs?userId=645c9f3e25df7eef3a463ce0 [36m304[0m 8.434 ms - -[0m
[0mGET /api/v1/employer/jobs?userId=645c9f3e25df7eef3a463ce0 [36m304[0m 6.611 ms - -[0m
[0mGET /api/v1/employer/jobs?userId=645c9f3e25df7eef3a463ce0 [36m304[0m 6.825 ms - -[0m
[0mGET /api/v1/employer/jobs?userId=645c9f3e25df7eef3a463ce0 [36m304[0m 5.641 ms - -[0m
[0mGET /api/v1/employer/jobs?userId=645c9f3e25df7eef3a463ce0 [36m304[0m 18.698 ms - -[0m
[0mGET /api/v1/employer/jobs?userId=645c9f3e25df7eef3a463ce0 [36m304[0m 2.138 ms - -[0m
[0mGET /api/v1/employer/jobs?userId=645c9f3e25df7eef3a463ce0 [36m304[0m 22.696 ms - -[0m
[0mGET /api/v1/employer/jobs?userId=645c9f3e25df7eef3a463ce0 [36m304[0m 16.526 ms - -[0m
[0mGET /api/v1/employer/jobs?userId=645c9f3e25df7eef3a463ce0 [36m304[0m 16.466 ms - -[0m
[0mGET /api/v1/employer/jobs?userId=645c9f3e25df7eef3a463ce0 [36m304[0m 20.068 ms - -[0m
[0mGET /api/v1/employer/jobs?userId=645c9f3e25df7eef3a463ce0 [36m304[0m 21.828 ms - -[0m
[0mGET /api/v1/employer/jobs?userId=645c9f3e25df7eef3a463ce0 [36m304[0m 25.897 ms - -[0m
[0mGET /api/v1/employer/jobs?userId=645c9f3e25df7eef3a463ce0 [36m304[0m 20.348 ms - -[0m
[0mGET /api/v1/employer/jobs?userId=645c9f3e25df7eef3a463ce0 [36m304[0m 6.032 ms - -[0m
[0mGET /api/v1/employer/jobs?userId=645c9f3e25df7eef3a463ce0 [36m304[0m 19.895 ms - -[0m
[0mGET /api/v1/employer/jobs?userId=645c9f3e25df7eef3a463ce0 [36m304[0m 16.125 ms - -[0m
[0mGET /api/v1/employer/jobs?userId=645c9f3e25df7eef3a463ce0 [36m304[0m 3.509 ms - -[0m
[0mGET /api/v1/employer/jobs?userId=645c9f3e25df7eef3a463ce0 [36m304[0m 16.167 ms - -[0m
[0mGET /api/v1/employer/jobs?userId=645c9f3e25df7eef3a463ce0 [36m304[0m 1.986 ms - -[0m
[0mGET /api/v1/employer/jobs?userId=645c9f3e25df7eef3a463ce0 [36m304[0m 3.736 ms - -[0m
[0mGET /api/v1/employer/jobs?userId=645c9f3e25df7eef3a463ce0 [36m304[0m 13.785 ms - -[0m
[0mGET /api/v1/employer/jobs?userId=645c9f3e25df7eef3a463ce0 [36m304[0m 7.005 ms - -[0m
[0mGET /api/v1/employer/jobs?userId=645c9f3e25df7eef3a463ce0 [36m304[0m 3.447 ms - -[0m
[0mGET /api/v1/employer/jobs?userId=645c9f3e25df7eef3a463ce0 [36m304[0m 3.053 ms - -[0m
[0mGET /api/v1/employer/jobs?userId=645c9f3e25df7eef3a463ce0 [36m304[0m 11.834 ms - -[0m
[0mGET /api/v1/employer/jobs?userId=645c9f3e25df7eef3a463ce0 [36m304[0m 3.404 ms - -[0m
[0mGET /api/v1/employer/jobs?userId=645c9f3e25df7eef3a463ce0 [36m304[0m 2.603 ms - -[0m
[0mGET /api/v1/employer/jobs?userId=645c9f3e25df7eef3a463ce0 [36m304[0m 19.108 ms - -[0m
[0mGET /api/v1/employer/jobs?userId=645c9f3e25df7eef3a463ce0 [36m304[0m 2.861 ms - -[0m
[0mGET /api/v1/employer/jobs?userId=645c9f3e25df7eef3a463ce0 [36m304[0m 4.729 ms - -[0m
[0mGET /api/v1/employer/jobs?userId=645c9f3e25df7eef3a463ce0 [36m304[0m 3.021 ms - -[0m
[0mGET /api/v1/employer/jobs?userId=645c9f3e25df7eef3a463ce0 [36m304[0m 4.936 ms - -[0m
[0mGET /api/v1/employer/jobs?userId=645c9f3e25df7eef3a463ce0 [36m304[0m 3.193 ms - -[0m
[0mGET /api/v1/employer/jobs?userId=645c9f3e25df7eef3a463ce0 [36m304[0m 6.087 ms - -[0m
[0mGET /api/v1/employer/jobs?userId=645c9f3e25df7eef3a463ce0 [36m304[0m 25.593 ms - -[0m
[0mGET /api/v1/employer/jobs?userId=645c9f3e25df7eef3a463ce0 [36m304[0m 15.408 ms - -[0m
[0mGET /api/v1/employer/jobs?userId=645c9f3e25df7eef3a463ce0 [36m304[0m 10.681 ms - -[0m
[0mGET /api/v1/employer/jobs?userId=645c9f3e25df7eef3a463ce0 [36m304[0m 40.080 ms - -[0m
[0mGET /api/v1/employer/jobs?userId=645c9f3e25df7eef3a463ce0 [36m304[0m 2.915 ms - -[0m
[0mGET /api/v1/job?page=1&limit=10 [36m304[0m 34.216 ms - -[0m
[0mGET /api/v1/job?page=1&limit=10 [36m304[0m 3.501 ms - -[0m
[0mPOST /api/v1/auth/login [32m200[0m 47.912 ms - 725[0m
[0mGET /api/v1/job?page=1&limit=10 [36m304[0m 21.958 ms - -[0m
[0mGET /api/v1/job?page=1&limit=10 [36m304[0m 8.400 ms - -[0m
[0mGET /api/v1/job/6462076076e8356307f8e0b0 [33m401[0m 1.667 ms - 99[0m
[0mGET /api/v1/job/6462076076e8356307f8e0b0 [33m401[0m 0.465 ms - 99[0m
[0mGET /api/v1/job?page=1&limit=10 [36m304[0m 26.598 ms - -[0m
[0mGET /api/v1/job?page=1&limit=10 [36m304[0m 7.290 ms - -[0m
[0mGET /api/v1/job/6462076076e8356307f8e0b0 [33m401[0m 1.901 ms - 99[0m
[0mGET /api/v1/job/6462076076e8356307f8e0b0 [33m401[0m 0.706 ms - 99[0m
[0mGET /api/v1/job?page=1&limit=10 [36m304[0m 96.435 ms - -[0m
[0mGET /api/v1/job?page=1&limit=10 [36m304[0m 5.838 ms - -[0m
[0mPOST /api/v1/auth/login [32m200[0m 72.824 ms - 725[0m
[0mGET /api/v1/job?page=1&limit=10 [36m304[0m 5.880 ms - -[0m
[0mGET /api/v1/job?page=1&limit=10 [36m304[0m 3.923 ms - -[0m
[0mPOST /api/v1/auth/login [32m200[0m 77.068 ms - 725[0m
[0mPOST /api/v1/jobseeker/uploadResume [32m200[0m 43.254 ms - 72[0m
[0mPOST /api/v1/jobseeker/uploadResume [32m200[0m 2318.538 ms - 72[0m
[0mPOST /api/v1/jobseeker/uploadResume [32m200[0m 2547.438 ms - 72[0m
[0mPOST /api/v1/auth/login [32m200[0m 64.806 ms - 574[0m
[0mPOST /api/v1/auth/login [32m200[0m 60.984 ms - 725[0m
[0mPOST /api/v1/auth/login [32m200[0m 82.017 ms - 574[0m
[0mPOST /api/v1/auth/login [32m200[0m 57.390 ms - 725[0m
[0mPOST /api/v1/jobseeker/uploadResume [32m200[0m 646.573 ms - 72[0m
[0mPOST /api/v1/jobseeker/uploadResume [32m200[0m 678.390 ms - 72[0m
[0mPOST /api/v1/auth/login [32m200[0m 105.161 ms - 574[0m
[0mGET /api/v1/job?page=1&limit=10 [36m304[0m 23.086 ms - -[0m
[0mGET /api/v1/job?page=1&limit=10 [36m304[0m 5.466 ms - -[0m
[0mGET /api/v1/job?page=1&limit=10 [36m304[0m 13.026 ms - -[0m
[0mGET /api/v1/job?page=1&limit=10 [36m304[0m 6.476 ms - -[0m
[0mPOST /api/v1/employer/jobs [32m201[0m 32.435 ms - 456[0m
[0mGET /api/v1/job?page=1&limit=10 [32m200[0m 33.372 ms - 2235[0m
[0mGET /api/v1/job?page=1&limit=10 [36m304[0m 3.918 ms - -[0m
[0mPOST /api/v1/auth/login [32m200[0m 59.483 ms - 574[0m
[0mPOST /api/v1/auth/login [32m200[0m 85.082 ms - 725[0m
[0mPOST /api/v1/user/register [32m201[0m 119.882 ms - 56[0m
[0mPOST /api/v1/auth/login [32m200[0m 50.021 ms - 57[0m
[0mPOST /api/v1/auth/login [33m401[0m 44.889 ms - 84[0m
[0mPOST /api/v1/user/register [32m201[0m 89.324 ms - 56[0m
[0mPOST /api/v1/auth/login [32m200[0m 102.117 ms - 725[0m
[0mPOST /api/v1/jobseeker/uploadResume [32m200[0m 24203.775 ms - 72[0m
[0mPOST /api/v1/auth/login [32m200[0m 82.466 ms - 574[0m
[0mGET /api/v1/employer/jobs?userId=645c9f3e25df7eef3a463ce0 [32m200[0m 9.111 ms - 1911[0m
[0mGET /api/v1/employer/jobs?userId=645c9f3e25df7eef3a463ce0 [36m304[0m 3.069 ms - -[0m
[0mGET /api/v1/employer/jobs?userId=645c9f3e25df7eef3a463ce0 [36m304[0m 20.199 ms - -[0m
[0mGET /api/v1/employer/jobs?userId=645c9f3e25df7eef3a463ce0 [36m304[0m 14.560 ms - -[0m
[0mPOST /api/v1/auth/login [32m200[0m 52.806 ms - 725[0m
[0mGET /api/v1/job?page=1&limit=10 [36m304[0m 102.549 ms - -[0m
[0mGET /api/v1/job?page=1&limit=10 [36m304[0m 13.720 ms - -[0m
[0mPOST /api/v1/auth/login [32m200[0m 214.555 ms - 725[0m
[0mPOST /api/v1/jobseeker/uploadResume [32m200[0m 24.870 ms - 72[0m
[0mGET /api/v1/job?page=1&limit=10 [36m304[0m 29.994 ms - -[0m
[0mGET /api/v1/job?page=1&limit=10 [36m304[0m 14.517 ms - -[0m
[0mGET /api/v1/job?page=1&limit=10 [36m304[0m 19.569 ms - -[0m
[0mGET /api/v1/job?page=1&limit=10 [36m304[0m 11.682 ms - -[0m
[0mPOST /api/v1/auth/login [32m200[0m 65.476 ms - 574[0m
[0mGET /api/v1/employer/jobs?userId=645c9f3e25df7eef3a463ce0 [36m304[0m 5.093 ms - -[0m
[0mGET /api/v1/employer/jobs?userId=645c9f3e25df7eef3a463ce0 [36m304[0m 1.885 ms - -[0m
[0mGET /api/v1/employer/jobs?userId=645c9f3e25df7eef3a463ce0 [36m304[0m 5.392 ms - -[0m
[0mGET /api/v1/employer/jobs?userId=645c9f3e25df7eef3a463ce0 [36m304[0m 2.948 ms - -[0m
[0mGET /api/v1/employer/jobs?userId=645c9f3e25df7eef3a463ce0 [36m304[0m 66.015 ms - -[0m
[0mGET /api/v1/employer/jobs?userId=645c9f3e25df7eef3a463ce0 [36m304[0m 9.957 ms - -[0m
[0mGET /api/v1/job?page=1&limit=10 [36m304[0m 49.703 ms - -[0m
[0mGET /api/v1/job?page=1&limit=10 [36m304[0m 10.753 ms - -[0m
[0mGET /api/v1/job?page=1&limit=10 [36m304[0m 15.913 ms - -[0m
[0mGET /api/v1/job?page=1&limit=10 [36m304[0m 6.663 ms - -[0m
[0mGET /api/v1/job/featured [33m401[0m 67.447 ms - 99[0m
[0mGET /api/v1/job/featured [33m401[0m 1.569 ms - 99[0m
[0mGET /api/v1/job/featured [33m401[0m 1.009 ms - 99[0m
[0mGET /api/v1/job/featured [33m401[0m 2.661 ms - 99[0m
[0mGET /api/v1/job/featured [33m401[0m 1.592 ms - 99[0m
[0mGET /api/v1/job/featured [33m401[0m 6.330 ms - 99[0m
[0mGET /api/v1/job/featured [33m401[0m 0.743 ms - 99[0m
[0mGET /api/v1/job/featured [33m401[0m 3.485 ms - 99[0m
[0mGET /api/v1/job/featured [33m401[0m 4.081 ms - 99[0m
[0mPOST /api/v1/auth/login [32m200[0m 97.189 ms - 574[0m
[0mGET /api/v1/employer/jobs?userId=645c9f3e25df7eef3a463ce0 [36m304[0m 23.784 ms - -[0m
[0mGET /api/v1/employer/jobs?userId=645c9f3e25df7eef3a463ce0 [36m304[0m 3.205 ms - -[0m
[0mPOST /api/v1/auth/login [32m200[0m 39.899 ms - 725[0m
[0mPOST /api/v1/jobseeker/uploadResume [32m200[0m 2364.776 ms - 72[0m
[0mPOST /api/v1/auth/login [32m200[0m 99.603 ms - 725[0m
[0mPOST /api/v1/jobseeker/uploadResume [32m200[0m 2364.510 ms - 72[0m
[0mPOST /api/v1/jobseeker/uploadResume [32m200[0m 202.038 ms - 72[0m
[0mPOST /api/v1/jobseeker/uploadResume [32m200[0m 205.992 ms - 72[0m
[0mPOST /api/v1/auth/login [32m200[0m 31.348 ms - 574[0m
[0mGET /api/v1/employer/jobs?userId=645c9f3e25df7eef3a463ce0 [36m304[0m 13.264 ms - -[0m
[0mGET /api/v1/employer/jobs?userId=645c9f3e25df7eef3a463ce0 [36m304[0m 2.066 ms - -[0m
[0mGET /register [33m404[0m 13.313 ms - 29[0m
[0mGET /favicon.ico [33m404[0m 0.642 ms - 29[0m
[0mGET /user/register [33m404[0m 1.214 ms - 29[0m
[0mGET /api/v1/user/register [33m404[0m 12.046 ms - 29[0m
